[11:50:45] 200 - 525µs GET /panel.html
[11:50:45] 200 - 0s GET /css/config.css
[11:50:45] 200 - 0s GET /css/font-awesome.min.css
[11:50:45] 200 - 1.0019ms GET /js/jquery.min.js
[11:50:45] 200 - 1.0019ms GET /js/reconnecting-websocket.min.js
[11:50:45] 200 - 0s GET /views/logo.html
[11:50:45] 200 - 0s GET /views/testers.html
[11:50:45] 200 - 0s GET /views/system.html
[11:50:45] 200 - 0s GET /views/epilog.html
[11:50:45] 200 - 0s GET /views/tab.html
[11:50:45] 200 - 0s GET /views/dashboard.html
[11:50:45] 200 - 0s GET /views/name.html
[11:50:45] 200 - 0s GET /views/test.html
[11:50:45] 101 - 0s GET /ws/sensors
[11:50:45] 200 - 0s GET /views/task-option-dpf.html
[11:50:45] 200 - 0s GET /views/task-operate.html
[11:50:45] 200 - 0s GET /views/task-message.html
[11:50:45] 200 - 0s GET /views/task-chart.html
[11:50:45] 200 - 0s GET /views/datas-info.html
[11:50:45] 200 - 0s GET /views/datas-records.html
[11:50:45] 200 - 0s GET /views/datas-chart.html
[11:50:45] 200 - 0s GET /views/datas-operate.html
[11:50:45] 200 - 0s GET /js/md5.min.js
[11:50:45] 200 - 0s GET /fonts/fontawesome-webfont.woff2
[11:50:45] 200 - 363.1µs GET /js/jquery.serializejson.js
[11:50:45] 101 - 0s GET /ws/messages
[11:50:45] 200 - 0s GET /js/echarts.js
[11:50:46] 101 - 0s GET /ws/pres
[11:50:46] 200 - 1.039ms GET /api/datas/dpf/cb27c379f3045ab0fbaa2291e9e1127f
[11:50:46] 200 - 0s GET /js/echarts.js
[11:50:46] 200 - 0s GET /js/jquery.serializejson.js
[11:50:54] 200 - 0s GET /views/name.html
[11:50:54] 200 - 0s GET /views/test.html
[11:50:54] 200 - 0s GET /views/task-option-dpf.html
[11:50:54] 200 - 275.6µs GET /views/task-operate.html
[11:50:54] 200 - 0s GET /views/task-message.html
[11:50:54] 200 - 0s GET /views/task-chart.html
[11:50:54] 200 - 0s GET /views/datas-info.html
[11:50:54] 200 - 0s GET /views/datas-records.html
[11:50:54] 200 - 0s GET /views/datas-chart.html
[11:50:54] 200 - 0s GET /views/datas-operate.html
[11:50:54] 200 - 0s GET /js/md5.min.js
[11:50:54] 200 - 0s GET /js/jquery.serializejson.js
[11:50:54] 101 - 0s GET /ws/messages
[11:50:54] 200 - 0s GET /js/echarts.js
[11:50:54] 101 - 0s GET /ws/pres
[11:50:54] 200 - 84µs GET /api/datas/dpf/cb27c379f3045ab0fbaa2291e9e1127f
[11:50:54] 200 - 0s GET /js/echarts.js
[11:50:54] 200 - 0s GET /js/jquery.serializejson.js
[11:51:01] 200 - 0s GET /css/config.css
[11:51:01] 200 - 0s GET /css/font-awesome.min.css
[11:51:01] 404 - 0s GET /md5.min.js.map
